<?xml version="1.0" encoding="utf-8"?><testsuites><testsuite name="pytest" errors="0" failures="0" skipped="0" tests="0" time="51.027" timestamp="2022-06-29T09:24:41.888285" hostname="831eda4bff8e"><testcase time="0.001" /></testsuite></testsuites>